<?xml version="1.0" encoding="UTF-8"?>
<testng-results skipped="0" failed="0" total="1" passed="1">
  <reporter-output>
  </reporter-output>
  <suite name="Default suite" duration-ms="33236" started-at="2019-09-27T03:58:08Z" finished-at="2019-09-27T03:58:41Z">
    <groups>
    </groups>
    <test name="Default test" duration-ms="33236" started-at="2019-09-27T03:58:08Z" finished-at="2019-09-27T03:58:41Z">
      <class name="automate.Screenshot">
        <test-method status="PASS" signature="setUp()[pri:0, instance:automate.Screenshot@2ef9b8bc]" name="setUp" is-config="true" duration-ms="7350" started-at="2019-09-27T09:28:08Z" finished-at="2019-09-27T09:28:15Z">
          <reporter-output>
          </reporter-output>
        </test-method> <!-- setUp -->
        <test-method status="PASS" signature="screenshot()[pri:0, instance:automate.Screenshot@2ef9b8bc]" name="screenshot" duration-ms="24902" started-at="2019-09-27T09:28:15Z" finished-at="2019-09-27T09:28:40Z">
          <reporter-output>
          </reporter-output>
        </test-method> <!-- screenshot -->
        <test-method status="PASS" signature="tearDown()[pri:0, instance:automate.Screenshot@2ef9b8bc]" name="tearDown" is-config="true" duration-ms="968" started-at="2019-09-27T09:28:40Z" finished-at="2019-09-27T09:28:41Z">
          <reporter-output>
          </reporter-output>
        </test-method> <!-- tearDown -->
      </class> <!-- automate.Screenshot -->
    </test> <!-- Default test -->
  </suite> <!-- Default suite -->
</testng-results>
